<?xml version="1.0" encoding="UTF-8"?>
<!-- Generated by org.testng.reporters.JUnitReportReporter -->
<testsuite hostname="Vijay" failures="0" tests="2" name="PavanSdetJavaProblems.findTheElementByBinary" time="0.015" errors="0" timestamp="2024-04-05T22:03:32 IST" skipped="1">
  <testcase classname="PavanSdetJavaProblems.findTheElementByBinary" name="byBinarySearch2" time="0.015"/>
  <testcase classname="PavanSdetJavaProblems.findTheElementByBinary" name="byBinarySearch">
    <skipped/>
  </testcase> <!-- byBinarySearch -->
</testsuite> <!-- PavanSdetJavaProblems.findTheElementByBinary -->
