<?xml version="1.0" encoding="UTF-8"?>
<!-- Generated by org.testng.reporters.JUnitReportReporter -->
<testsuite hostname="Vijay" failures="0" tests="1" name="PavanSdetJavaProblems.sortingByBuiltInMethods" time="0.014" errors="0" timestamp="2024-04-06T12:27:10 IST" skipped="0">
  <testcase classname="PavanSdetJavaProblems.sortingByBuiltInMethods" name="builtInSortinElement" time="0.014"/>
</testsuite> <!-- PavanSdetJavaProblems.sortingByBuiltInMethods -->
