<?xml version="1.0" encoding="UTF-8"?>
<!-- Generated by org.testng.reporters.JUnitReportReporter -->
<testsuite hostname="Vijay" failures="0" tests="2" name="PavanSdetJavaProblems.removeJunk" time="0.017" errors="0" timestamp="2024-04-06T19:42:58 IST" skipped="1">
  <testcase classname="PavanSdetJavaProblems.removeJunk" name="removeSpaceFromString" time="0.017"/>
  <testcase classname="PavanSdetJavaProblems.removeJunk" name="removeJunkFromString">
    <skipped/>
  </testcase> <!-- removeJunkFromString -->
</testsuite> <!-- PavanSdetJavaProblems.removeJunk -->
