<?xml version="1.0" encoding="UTF-8"?>
<!-- Generated by org.testng.reporters.JUnitReportReporter -->
<testsuite hostname="Vijay" failures="0" tests="1" name="com.seleniumPractice.windowhandles" time="18.833" errors="0" timestamp="2024-04-10T00:55:22 IST" skipped="0">
  <testcase classname="com.seleniumPractice.windowhandles" name="alerts" time="18.833"/>
</testsuite> <!-- com.seleniumPractice.windowhandles -->
