<?xml version="1.0" encoding="UTF-8"?>
<!-- Generated by org.testng.reporters.JUnitReportReporter -->
<testsuite hostname="Vijay" failures="0" tests="1" name="PavanSdetJavaProblems.fibanacci" time="0.061" errors="0" timestamp="2024-04-03T14:58:58 IST" skipped="0">
  <testcase classname="PavanSdetJavaProblems.fibanacci" name="fibanacciSeries" time="0.061"/>
</testsuite> <!-- PavanSdetJavaProblems.fibanacci -->
