<?xml version="1.0" encoding="UTF-8"?>
<!-- Generated by org.testng.reporters.JUnitReportReporter -->
<testsuite hostname="Vijay" failures="0" tests="2" name="PavanSdetJavaProblems.randomNumbersAndStrings" time="0.016" errors="0" timestamp="2024-04-03T15:59:46 IST" skipped="1">
  <testcase classname="PavanSdetJavaProblems.randomNumbersAndStrings" name="apacheCommonsLang" time="0.016"/>
  <testcase classname="PavanSdetJavaProblems.randomNumbersAndStrings" name="randomNumbersAndString1">
    <skipped/>
  </testcase> <!-- randomNumbersAndString1 -->
</testsuite> <!-- PavanSdetJavaProblems.randomNumbersAndStrings -->
