<?xml version="1.0" encoding="UTF-8"?>
<!-- Generated by org.testng.reporters.JUnitReportReporter -->
<testsuite hostname="Vijay" failures="0" tests="1" name="com.seleniumPractice.screenshot" time="12.700" errors="0" timestamp="2024-04-10T10:15:16 IST" skipped="0">
  <testcase classname="com.seleniumPractice.screenshot" name="alerts" time="12.700"/>
</testsuite> <!-- com.seleniumPractice.screenshot -->
