<?xml version="1.0" encoding="UTF-8"?>
<!-- Generated by org.testng.reporters.JUnitReportReporter -->
<testsuite hostname="Vijay" failures="0" tests="2" name="com.seleniumPractice.pageLoadTimeOut" time="22.935" errors="0" timestamp="2024-04-10T14:27:05 IST" skipped="0">
  <testcase classname="com.seleniumPractice.pageLoadTimeOut" name="pageLoadTimeOut1" time="22.933"/>
  <testcase classname="com.seleniumPractice.pageLoadTimeOut" name="closeWindow" time="0.002"/>
</testsuite> <!-- com.seleniumPractice.pageLoadTimeOut -->
