<?xml version="1.0" encoding="UTF-8"?>
<!-- Generated by org.testng.reporters.JUnitReportReporter -->
<testsuite hostname="Vijay" failures="0" tests="1" name="PavanSdetJavaProblems.countWords" time="0.017" errors="0" timestamp="2024-04-06T20:13:54 IST" skipped="0">
  <testcase classname="PavanSdetJavaProblems.countWords" name="countNoOfWords" time="0.017"/>
</testsuite> <!-- PavanSdetJavaProblems.countWords -->
