<?xml version="1.0" encoding="UTF-8"?>
<!-- Generated by org.testng.reporters.JUnitReportReporter -->
<testsuite hostname="Vijay" failures="0" tests="1" name="PavanSdetJavaProblems.countCharacterOccurence" time="0.015" errors="0" timestamp="2024-04-06T19:49:13 IST" skipped="0">
  <testcase classname="PavanSdetJavaProblems.countCharacterOccurence" name="countOccurenceOfCharacter" time="0.015"/>
</testsuite> <!-- PavanSdetJavaProblems.countCharacterOccurence -->
