<?xml version="1.0" encoding="UTF-8"?>
<!-- Generated by org.testng.reporters.JUnitReportReporter -->
<testsuite hostname="Vijay" failures="0" tests="1" name="PavanSdetJavaProblems.missingNumInArray" time="0.013" errors="0" timestamp="2024-04-04T15:18:58 IST" skipped="0">
  <testcase classname="PavanSdetJavaProblems.missingNumInArray" name="missingNumberInArray" time="0.013"/>
</testsuite> <!-- PavanSdetJavaProblems.missingNumInArray -->
