<?xml version="1.0" encoding="UTF-8"?>
<!-- Generated by org.testng.reporters.JUnitReportReporter -->
<testsuite hostname="Vijay" failures="0" tests="13" name="com.seleniumPractice.AtoZ" time="0.040" errors="0" timestamp="2024-04-02T15:56:42 IST" skipped="12">
  <testcase classname="com.seleniumPractice.AtoZ" name="ArmstrongNumber" time="0.040"/>
  <testcase classname="com.seleniumPractice.AtoZ" name="factorial">
    <skipped/>
  </testcase> <!-- factorial -->
  <testcase classname="com.seleniumPractice.AtoZ" name="primeRange">
    <skipped/>
  </testcase> <!-- primeRange -->
  <testcase classname="com.seleniumPractice.AtoZ" name="AtoZ_atoz">
    <skipped/>
  </testcase> <!-- AtoZ_atoz -->
  <testcase classname="com.seleniumPractice.AtoZ" name="printEvenNumberSum">
    <skipped/>
  </testcase> <!-- printEvenNumberSum -->
  <testcase classname="com.seleniumPractice.AtoZ" name="primeNumberrange">
    <skipped/>
  </testcase> <!-- primeNumberrange -->
  <testcase classname="com.seleniumPractice.AtoZ" name="multiplicationTable">
    <skipped/>
  </testcase> <!-- multiplicationTable -->
  <testcase classname="com.seleniumPractice.AtoZ" name="range">
    <skipped/>
  </testcase> <!-- range -->
  <testcase classname="com.seleniumPractice.AtoZ" name="palindromeNumber">
    <skipped/>
  </testcase> <!-- palindromeNumber -->
  <testcase classname="com.seleniumPractice.AtoZ" name="numberRange">
    <skipped/>
  </testcase> <!-- numberRange -->
  <testcase classname="com.seleniumPractice.AtoZ" name="reverse">
    <skipped/>
  </testcase> <!-- reverse -->
  <testcase classname="com.seleniumPractice.AtoZ" name="factors">
    <skipped/>
  </testcase> <!-- factors -->
  <testcase classname="com.seleniumPractice.AtoZ" name="evenRange">
    <skipped/>
  </testcase> <!-- evenRange -->
</testsuite> <!-- com.seleniumPractice.AtoZ -->
