<?xml version="1.0" encoding="UTF-8"?>
<!-- Generated by org.testng.reporters.JUnitReportReporter -->
<testsuite hostname="Vijay" failures="0" tests="1" name="com.seleniumPractice.getproperties" time="4.126" errors="0" timestamp="2024-04-10T21:28:13 IST" skipped="0">
  <testcase classname="com.seleniumPractice.getproperties" name="alerts" time="4.126"/>
</testsuite> <!-- com.seleniumPractice.getproperties -->
