<?xml version="1.0" encoding="UTF-8"?>
<!-- Generated by org.testng.reporters.JUnitReportReporter -->
<testsuite hostname="Vijay" failures="0" tests="2" name="PavanSdetJavaProblems.FindDuplicateValueArray" time="0.024" errors="0" timestamp="2024-04-07T16:42:25 IST" skipped="1">
  <testcase classname="PavanSdetJavaProblems.FindDuplicateValueArray" name="findDuplicate1" time="0.024"/>
  <testcase classname="PavanSdetJavaProblems.FindDuplicateValueArray" name="findDuplicate2">
    <skipped/>
  </testcase> <!-- findDuplicate2 -->
</testsuite> <!-- PavanSdetJavaProblems.FindDuplicateValueArray -->
