<?xml version="1.0" encoding="UTF-8"?>
<!-- Generated by org.testng.reporters.JUnitReportReporter -->
<testsuite hostname="Vijay" failures="0" tests="1" name="com.seleniumPractice.aprilSelenium" time="95.325" errors="0" timestamp="2024-04-08T22:08:14 IST" skipped="0">
  <testcase classname="com.seleniumPractice.aprilSelenium" name="getcheckBoxTitle" time="95.325"/>
</testsuite> <!-- com.seleniumPractice.aprilSelenium -->
