<?xml version="1.0" encoding="UTF-8"?>
<!-- Generated by org.testng.reporters.JUnitReportReporter -->
<testsuite hostname="Vijay" failures="0" tests="3" name="PavanSdetJavaProblems.revereseNumber" time="0.015" errors="0" timestamp="2024-04-03T00:14:09 IST" skipped="2">
  <testcase classname="PavanSdetJavaProblems.revereseNumber" name="revereseNumber3" time="0.015"/>
  <testcase classname="PavanSdetJavaProblems.revereseNumber" name="revereseNumber2">
    <skipped/>
  </testcase> <!-- revereseNumber2 -->
  <testcase classname="PavanSdetJavaProblems.revereseNumber" name="reverseNumber1">
    <skipped/>
  </testcase> <!-- reverseNumber1 -->
</testsuite> <!-- PavanSdetJavaProblems.revereseNumber -->
