<?xml version="1.0" encoding="UTF-8"?>
<!-- Generated by org.testng.reporters.JUnitReportReporter -->
<testsuite hostname="Vijay" failures="0" tests="2" name="PavanSdetJavaProblems.largestNumber" time="0.014" errors="0" timestamp="2024-04-03T14:38:47 IST" skipped="1">
  <testcase classname="PavanSdetJavaProblems.largestNumber" name="largestNumber2" time="0.014"/>
  <testcase classname="PavanSdetJavaProblems.largestNumber" name="largestNumber">
    <skipped/>
  </testcase> <!-- largestNumber -->
</testsuite> <!-- PavanSdetJavaProblems.largestNumber -->
