<?xml version="1.0" encoding="UTF-8"?>
<!-- Generated by org.testng.reporters.JUnitReportReporter -->
<testsuite hostname="Vijay" failures="0" tests="3" name="com.seleniumPractice.frames" time="19.901" errors="0" timestamp="2024-04-10T13:21:45 IST" skipped="0">
  <testcase classname="com.seleniumPractice.frames" name="geturl" time="3.482"/>
  <testcase classname="com.seleniumPractice.frames" name="farme1" time="12.647"/>
  <testcase classname="com.seleniumPractice.frames" name="parentframe" time="3.772"/>
</testsuite> <!-- com.seleniumPractice.frames -->
