<?xml version="1.0" encoding="UTF-8"?>
<!-- Generated by org.testng.reporters.JUnitReportReporter -->
<testsuite hostname="Vijay" failures="0" tests="1" name="PavanSdetJavaProblems.maxAndMinOfArray" time="0.013" errors="0" timestamp="2024-04-04T19:51:10 IST" skipped="0">
  <testcase classname="PavanSdetJavaProblems.maxAndMinOfArray" name="maxMinElementOfArray" time="0.013"/>
</testsuite> <!-- PavanSdetJavaProblems.maxAndMinOfArray -->
