<?xml version="1.0" encoding="UTF-8"?>
<!-- Generated by org.testng.reporters.JUnitReportReporter -->
<testsuite hostname="Vijay" failures="0" tests="1" name="PavanSdetJavaProblems.numberOfDigits" time="0.014" errors="0" timestamp="2024-04-03T12:49:50 IST" skipped="0">
  <testcase classname="PavanSdetJavaProblems.numberOfDigits" name="numberOfDigits1" time="0.014"/>
</testsuite> <!-- PavanSdetJavaProblems.numberOfDigits -->
