<?xml version="1.0" encoding="UTF-8"?>
<!-- Generated by org.testng.reporters.JUnitReportReporter -->
<testsuite hostname="Vijay" failures="0" tests="2" name="com.seleniumPractice.getURLgetPageeSourse" time="5.225" errors="0" timestamp="2024-04-10T19:21:17 IST" skipped="1">
  <testcase classname="com.seleniumPractice.getURLgetPageeSourse" name="getPagesourse" time="5.225"/>
  <testcase classname="com.seleniumPractice.getURLgetPageeSourse" name="getURL">
    <skipped/>
  </testcase> <!-- getURL -->
</testsuite> <!-- com.seleniumPractice.getURLgetPageeSourse -->
