<?xml version="1.0" encoding="UTF-8"?>
<!-- Generated by org.testng.reporters.JUnitReportReporter -->
<testsuite hostname="Vijay" failures="0" tests="2" name="com.seleniumPractice.xpathsofHindusthan" time="8.137" errors="0" timestamp="2024-04-12T16:06:38 IST" skipped="1">
  <testcase classname="com.seleniumPractice.xpathsofHindusthan" name="xpaths2" time="8.137"/>
  <testcase classname="com.seleniumPractice.xpathsofHindusthan" name="xpaths">
    <skipped/>
  </testcase> <!-- xpaths -->
</testsuite> <!-- com.seleniumPractice.xpathsofHindusthan -->
