<?xml version="1.0" encoding="UTF-8"?>
<!-- Generated by org.testng.reporters.JUnitReportReporter -->
<testsuite hostname="Vijay" failures="0" tests="1" name="PavanSdetJavaProblems.findElementInArray" time="0.015" errors="0" timestamp="2024-04-04T23:05:55 IST" skipped="0">
  <testcase classname="PavanSdetJavaProblems.findElementInArray" name="linearSearch" time="0.015"/>
</testsuite> <!-- PavanSdetJavaProblems.findElementInArray -->
