<?xml version="1.0" encoding="UTF-8"?>
<!-- Generated by org.testng.reporters.JUnitReportReporter -->
<testsuite hostname="Vijay" failures="0" tests="2" name="PavanSdetJavaProblems.sumofArray" time="0.012" errors="0" timestamp="2024-04-04T12:13:09 IST" skipped="1">
  <testcase classname="PavanSdetJavaProblems.sumofArray" name="sumofArrayNumbers2" time="0.012"/>
  <testcase classname="PavanSdetJavaProblems.sumofArray" name="sumofArrayNumbers">
    <skipped/>
  </testcase> <!-- sumofArrayNumbers -->
</testsuite> <!-- PavanSdetJavaProblems.sumofArray -->
