<?xml version="1.0" encoding="UTF-8"?>
<!-- Generated by org.testng.reporters.JUnitReportReporter -->
<testsuite hostname="Vijay" failures="0" tests="2" name="PavanSdetJavaProblems.primeOrNot" time="0.014" errors="0" timestamp="2024-04-03T15:28:07 IST" skipped="1">
  <testcase classname="PavanSdetJavaProblems.primeOrNot" name="primeNumberOrNot2" time="0.014"/>
  <testcase classname="PavanSdetJavaProblems.primeOrNot" name="primeNumberOrNot">
    <skipped/>
  </testcase> <!-- primeNumberOrNot -->
</testsuite> <!-- PavanSdetJavaProblems.primeOrNot -->
