<?xml version="1.0" encoding="UTF-8"?>
<!-- Generated by org.testng.reporters.JUnitReportReporter -->
<testsuite hostname="Vijay" failures="0" tests="1" name="com.seleniumPractice.selectDropDown" time="22.893" errors="0" timestamp="2024-04-09T16:44:00 IST" skipped="0">
  <testcase classname="com.seleniumPractice.selectDropDown" name="geturl" time="22.893"/>
</testsuite> <!-- com.seleniumPractice.selectDropDown -->
