<?xml version="1.0" encoding="UTF-8"?>
<!-- Generated by org.testng.reporters.JUnitReportReporter -->
<testsuite hostname="Vijay" failures="0" tests="2" name="PavanSdetJavaProblems.palindromeNumber" time="0.029" errors="0" timestamp="2024-04-03T11:54:10 IST" skipped="1">
  <testcase classname="PavanSdetJavaProblems.palindromeNumber" name="palindromeString" time="0.029"/>
  <testcase classname="PavanSdetJavaProblems.palindromeNumber" name="palindromeNumber1">
    <skipped/>
  </testcase> <!-- palindromeNumber1 -->
</testsuite> <!-- PavanSdetJavaProblems.palindromeNumber -->
