<?xml version="1.0" encoding="UTF-8"?>
<!-- Generated by org.testng.reporters.JUnitReportReporter -->
<testsuite hostname="Vijay" failures="0" tests="5" name="PavanSdetJavaProblems.swapingNumbers" time="0.016" errors="0" timestamp="2024-04-02T23:39:19 IST" skipped="4">
  <testcase classname="PavanSdetJavaProblems.swapingNumbers" name="swapNumber5" time="0.016"/>
  <testcase classname="PavanSdetJavaProblems.swapingNumbers" name="swapnumber2">
    <skipped/>
  </testcase> <!-- swapnumber2 -->
  <testcase classname="PavanSdetJavaProblems.swapingNumbers" name="swapnumber3">
    <skipped/>
  </testcase> <!-- swapnumber3 -->
  <testcase classname="PavanSdetJavaProblems.swapingNumbers" name="swapNumber1">
    <skipped/>
  </testcase> <!-- swapNumber1 -->
  <testcase classname="PavanSdetJavaProblems.swapingNumbers" name="swapNumber4">
    <skipped/>
  </testcase> <!-- swapNumber4 -->
</testsuite> <!-- PavanSdetJavaProblems.swapingNumbers -->
