<?xml version="1.0" encoding="UTF-8"?>
<!-- Generated by org.testng.reporters.JUnitReportReporter -->
<testsuite hostname="Vijay" failures="0" tests="1" name="PavanSdetJavaProblems.sumOfDigits" time="0.033" errors="0" timestamp="2024-04-03T13:54:04 IST" skipped="0">
  <testcase classname="PavanSdetJavaProblems.sumOfDigits" name="sumOfDigits1" time="0.033"/>
</testsuite> <!-- PavanSdetJavaProblems.sumOfDigits -->
