<?xml version="1.0" encoding="UTF-8"?>
<!-- Generated by org.testng.reporters.JUnitReportReporter -->
<testsuite hostname="Vijay" failures="0" tests="1" name="com.seleniumPractice.Alerts" time="21.455" errors="0" timestamp="2024-04-09T17:35:00 IST" skipped="0">
  <testcase classname="com.seleniumPractice.Alerts" name="alerts" time="21.455"/>
</testsuite> <!-- com.seleniumPractice.Alerts -->
