<?xml version="1.0" encoding="UTF-8"?>
<!-- Generated by org.testng.reporters.JUnitReportReporter -->
<testsuite hostname="Vijay" failures="0" tests="1" name="PavanSdetJavaProblems.bubblesort" time="0.014" errors="0" timestamp="2024-04-06T12:16:22 IST" skipped="0">
  <testcase classname="PavanSdetJavaProblems.bubblesort" name="bubbleSortElement" time="0.014"/>
</testsuite> <!-- PavanSdetJavaProblems.bubblesort -->
