<?xml version="1.0" encoding="UTF-8"?>
<!-- Generated by org.testng.reporters.JUnitReportReporter -->
<testsuite hostname="Vijay" failures="0" tests="1" name="com.seleniumPractice.screenshotBase64" time="19.509" errors="0" timestamp="2024-04-10T10:29:53 IST" skipped="0">
  <testcase classname="com.seleniumPractice.screenshotBase64" name="alerts" time="19.509"/>
</testsuite> <!-- com.seleniumPractice.screenshotBase64 -->
