<?xml version="1.0" encoding="UTF-8"?>
<!-- Generated by org.testng.reporters.JUnitReportReporter -->
<testsuite hostname="Vijay" failures="0" tests="1" name="com.seleniumPractice.Xpath" time="13.435" errors="0" timestamp="2024-04-13T22:48:45 IST" skipped="0">
  <testcase classname="com.seleniumPractice.Xpath" name="xpath" time="13.435"/>
</testsuite> <!-- com.seleniumPractice.Xpath -->
