<?xml version="1.0" encoding="UTF-8"?>
<!-- Generated by org.testng.reporters.JUnitReportReporter -->
<testsuite hostname="Vijay" failures="0" tests="1" name="com.seleniumPractice.windowHandlesPromtAlert" time="24.627" errors="0" timestamp="2024-04-11T00:52:30 IST" skipped="0">
  <testcase classname="com.seleniumPractice.windowHandlesPromtAlert" name="alerts" time="24.627"/>
</testsuite> <!-- com.seleniumPractice.windowHandlesPromtAlert -->
