<?xml version="1.0" encoding="UTF-8"?>
<!-- Generated by org.testng.reporters.JUnitReportReporter -->
<testsuite hostname="Vijay" failures="0" tests="1" name="PavanSdetJavaProblems.numberOfDigits_Even_Odd" time="0.028" errors="0" timestamp="2024-04-03T13:11:39 IST" skipped="0">
  <testcase classname="PavanSdetJavaProblems.numberOfDigits_Even_Odd" name="numberOfDigits_Even_odd" time="0.028"/>
</testsuite> <!-- PavanSdetJavaProblems.numberOfDigits_Even_Odd -->
