<?xml version="1.0" encoding="UTF-8"?>
<!-- Generated by org.testng.reporters.JUnitReportReporter -->
<testsuite hostname="Vijay" failures="0" tests="2" name="PavanSdetJavaProblems.evenOddFromArray" time="0.015" errors="0" timestamp="2024-04-04T12:29:52 IST" skipped="0">
  <testcase classname="PavanSdetJavaProblems.evenOddFromArray" name="EvenOddNumbersFromArray" time="0.013"/>
  <testcase classname="PavanSdetJavaProblems.evenOddFromArray" name="EvenOddNumbersFromArr" time="0.002"/>
</testsuite> <!-- PavanSdetJavaProblems.evenOddFromArray -->
