<?xml version="1.0" encoding="UTF-8"?>
<!-- Generated by org.testng.reporters.JUnitReportReporter -->
<testsuite hostname="Vijay" failures="0" tests="4" name="PavanSdetJavaProblems.reverseString" time="0.018" errors="0" timestamp="2024-04-03T11:06:42 IST" skipped="2">
  <testcase classname="PavanSdetJavaProblems.reverseString" name="fk" time="0.015"/>
  <testcase classname="PavanSdetJavaProblems.reverseString" name="revereseString2" time="0.003"/>
  <testcase classname="PavanSdetJavaProblems.reverseString" name="revereseString1">
    <skipped/>
  </testcase> <!-- revereseString1 -->
  <testcase classname="PavanSdetJavaProblems.reverseString" name="revereseString3">
    <skipped/>
  </testcase> <!-- revereseString3 -->
</testsuite> <!-- PavanSdetJavaProblems.reverseString -->
