<?xml version="1.0" encoding="UTF-8"?>
<!-- Generated by org.testng.reporters.JUnitReportReporter -->
<testsuite hostname="Vijay" failures="0" tests="8" name="com.seleniumPractice.afterTest" time="41.817" errors="0" timestamp="2024-04-09T14:46:06 IST" skipped="0">
  <testcase classname="com.seleniumPractice.afterTest" name="getUrl" time="25.602"/>
  <testcase classname="com.seleniumPractice.afterTest" name="enterFirstandLastName" time="3.241"/>
  <testcase classname="com.seleniumPractice.afterTest" name="radioButton" time="3.120"/>
  <testcase classname="com.seleniumPractice.afterTest" name="checkButton" time="0.098"/>
  <testcase classname="com.seleniumPractice.afterTest" name="rigsterButton" time="3.078"/>
  <testcase classname="com.seleniumPractice.afterTest" name="checkButton2" time="0.068"/>
  <testcase classname="com.seleniumPractice.afterTest" name="enterFirstandLastNameAfterClear" time="3.300"/>
  <testcase classname="com.seleniumPractice.afterTest" name="closeWindow" time="3.310"/>
</testsuite> <!-- com.seleniumPractice.afterTest -->
