<?xml version="1.0" encoding="UTF-8"?>
<!-- Generated by org.testng.reporters.JUnitReportReporter -->
<testsuite hostname="Vijay" failures="0" tests="1" name="com.seleniumPractice.browserMaxMin" time="5.672" errors="0" timestamp="2024-04-10T19:14:53 IST" skipped="0">
  <testcase classname="com.seleniumPractice.browserMaxMin" name="browserMaxMini" time="5.672"/>
</testsuite> <!-- com.seleniumPractice.browserMaxMin -->
