<?xml version="1.0" encoding="UTF-8"?>
<!-- Generated by org.testng.reporters.JUnitReportReporter -->
<testsuite hostname="Vijay" failures="0" tests="2" name="PavanSdetJavaProblems.ArraysEqualOrNot" time="0.016" errors="0" timestamp="2024-04-08T23:13:10 IST" skipped="1">
  <testcase classname="PavanSdetJavaProblems.ArraysEqualOrNot" name="ArrayEqualOrNot2" time="0.016"/>
  <testcase classname="PavanSdetJavaProblems.ArraysEqualOrNot" name="ArrayEqualOrNot">
    <skipped/>
  </testcase> <!-- ArrayEqualOrNot -->
</testsuite> <!-- PavanSdetJavaProblems.ArraysEqualOrNot -->
