<?xml version="1.0" encoding="UTF-8"?>
<!-- Generated by org.testng.reporters.JUnitReportReporter -->
<testsuite hostname="Vijay" failures="0" tests="2" name="com.seleniumPractice.implicitTimeOuts" time="27.014" errors="0" timestamp="2024-04-10T14:41:01 IST" skipped="0">
  <testcase classname="com.seleniumPractice.implicitTimeOuts" name="implcits" time="7.829"/>
  <testcase classname="com.seleniumPractice.implicitTimeOuts" name="implicit" time="19.185"/>
</testsuite> <!-- com.seleniumPractice.implicitTimeOuts -->
